1782571948.449324 client started (28699): version 3.6a, socket /run/user/1000/tmux-1000/default, protocol 8
1782571948.449347 on Linux 6.12.94 #1-NixOS SMP PREEMPT_DYNAMIC Fri Jun 19 11:42:39 UTC 2026
1782571948.449350 using libevent 2.1.12-stable poll
1782571948.449355 using utf8proc 2.11.3
1782571948.449357 using ncurses 6.6 20251230
1782571948.449369 flags are 0x10010000
1782571948.449376 socket is /run/user/1000/tmux-1000/default
1782571948.449382 trying connect
1782571948.449404 add peer 0x616bd74feb20: 6 ((nil))
1782571948.449622 sending message 111 to peer 0x616bd74feb20 (8 bytes)
1782571948.449631 sending message 111 to peer 0x616bd74feb20 (8 bytes)
1782571948.449635 sending message 101 to peer 0x616bd74feb20 (14 bytes)
1782571948.449638 sending message 109 to peer 0x616bd74feb20 (4 bytes)
1782571948.449642 sending message 102 to peer 0x616bd74feb20 (11 bytes)
1782571948.449646 sending message 108 to peer 0x616bd74feb20 (24 bytes)
1782571948.449649 sending message 112 to peer 0x616bd74feb20 (70 bytes)
1782571948.449654 sending message 112 to peer 0x616bd74feb20 (5 bytes)
1782571948.449658 sending message 112 to peer 0x616bd74feb20 (5 bytes)
1782571948.449661 sending message 112 to peer 0x616bd74feb20 (6 bytes)
1782571948.449665 sending message 112 to peer 0x616bd74feb20 (6 bytes)
1782571948.449669 sending message 112 to peer 0x616bd74feb20 (11 bytes)
1782571948.449673 sending message 112 to peer 0x616bd74feb20 (10 bytes)
1782571948.449676 sending message 112 to peer 0x616bd74feb20 (13 bytes)
1782571948.449679 sending message 112 to peer 0x616bd74feb20 (13 bytes)
1782571948.449684 sending message 112 to peer 0x616bd74feb20 (18 bytes)
1782571948.449689 sending message 112 to peer 0x616bd74feb20 (11 bytes)
1782571948.449693 sending message 112 to peer 0x616bd74feb20 (10 bytes)
1782571948.449697 sending message 112 to peer 0x616bd74feb20 (15 bytes)
1782571948.449700 sending message 112 to peer 0x616bd74feb20 (21 bytes)
1782571948.449703 sending message 112 to peer 0x616bd74feb20 (13 bytes)
1782571948.449706 sending message 112 to peer 0x616bd74feb20 (7 bytes)
1782571948.449710 sending message 112 to peer 0x616bd74feb20 (13 bytes)
1782571948.449713 sending message 112 to peer 0x616bd74feb20 (7 bytes)
1782571948.449717 sending message 112 to peer 0x616bd74feb20 (13 bytes)
1782571948.449720 sending message 112 to peer 0x616bd74feb20 (9 bytes)
1782571948.449724 sending message 112 to peer 0x616bd74feb20 (21 bytes)
1782571948.449727 sending message 112 to peer 0x616bd74feb20 (13 bytes)
1782571948.449731 sending message 112 to peer 0x616bd74feb20 (8 bytes)
1782571948.449734 sending message 112 to peer 0x616bd74feb20 (12 bytes)
1782571948.449737 sending message 112 to peer 0x616bd74feb20 (13 bytes)
1782571948.449741 sending message 112 to peer 0x616bd74feb20 (9 bytes)
1782571948.449744 sending message 112 to peer 0x616bd74feb20 (9 bytes)
1782571948.449747 sending message 112 to peer 0x616bd74feb20 (12 bytes)
1782571948.449751 sending message 112 to peer 0x616bd74feb20 (8 bytes)
1782571948.449754 sending message 112 to peer 0x616bd74feb20 (8 bytes)
1782571948.449758 sending message 112 to peer 0x616bd74feb20 (7 bytes)
1782571948.449761 sending message 112 to peer 0x616bd74feb20 (7 bytes)
1782571948.449764 sending message 112 to peer 0x616bd74feb20 (9 bytes)
1782571948.449768 sending message 112 to peer 0x616bd74feb20 (13 bytes)
1782571948.449771 sending message 112 to peer 0x616bd74feb20 (6 bytes)
1782571948.449775 sending message 112 to peer 0x616bd74feb20 (9 bytes)
1782571948.449778 sending message 112 to peer 0x616bd74feb20 (15 bytes)
1782571948.449781 sending message 112 to peer 0x616bd74feb20 (13 bytes)
1782571948.449786 sending message 112 to peer 0x616bd74feb20 (12 bytes)
1782571948.449792 sending message 112 to peer 0x616bd74feb20 (8 bytes)
1782571948.449796 sending message 112 to peer 0x616bd74feb20 (14 bytes)
1782571948.449799 sending message 112 to peer 0x616bd74feb20 (11 bytes)
1782571948.449803 sending message 112 to peer 0x616bd74feb20 (9 bytes)
1782571948.449806 sending message 112 to peer 0x616bd74feb20 (10 bytes)
1782571948.449816 sending message 112 to peer 0x616bd74feb20 (10 bytes)
1782571948.449819 sending message 112 to peer 0x616bd74feb20 (10 bytes)
1782571948.449822 sending message 112 to peer 0x616bd74feb20 (10 bytes)
1782571948.449825 sending message 112 to peer 0x616bd74feb20 (11 bytes)
1782571948.449828 sending message 112 to peer 0x616bd74feb20 (12 bytes)
1782571948.449832 sending message 112 to peer 0x616bd74feb20 (12 bytes)
1782571948.449835 sending message 112 to peer 0x616bd74feb20 (12 bytes)
1782571948.449838 sending message 112 to peer 0x616bd74feb20 (12 bytes)
1782571948.449841 sending message 112 to peer 0x616bd74feb20 (12 bytes)
1782571948.449845 sending message 112 to peer 0x616bd74feb20 (11 bytes)
1782571948.449848 sending message 112 to peer 0x616bd74feb20 (11 bytes)
1782571948.449852 sending message 112 to peer 0x616bd74feb20 (12 bytes)
1782571948.449855 sending message 112 to peer 0x616bd74feb20 (12 bytes)
1782571948.449858 sending message 112 to peer 0x616bd74feb20 (12 bytes)
1782571948.449861 sending message 112 to peer 0x616bd74feb20 (12 bytes)
1782571948.449865 sending message 112 to peer 0x616bd74feb20 (12 bytes)
1782571948.449868 sending message 112 to peer 0x616bd74feb20 (10 bytes)
1782571948.449871 sending message 112 to peer 0x616bd74feb20 (12 bytes)
1782571948.449875 sending message 112 to peer 0x616bd74feb20 (13 bytes)
1782571948.449878 sending message 112 to peer 0x616bd74feb20 (13 bytes)
1782571948.449881 sending message 112 to peer 0x616bd74feb20 (13 bytes)
1782571948.449885 sending message 112 to peer 0x616bd74feb20 (13 bytes)
1782571948.449888 sending message 112 to peer 0x616bd74feb20 (13 bytes)
1782571948.449892 sending message 112 to peer 0x616bd74feb20 (8 bytes)
1782571948.449895 sending message 112 to peer 0x616bd74feb20 (11 bytes)
1782571948.449899 sending message 112 to peer 0x616bd74feb20 (11 bytes)
1782571948.449903 sending message 112 to peer 0x616bd74feb20 (11 bytes)
1782571948.449906 sending message 112 to peer 0x616bd74feb20 (12 bytes)
1782571948.449909 sending message 112 to peer 0x616bd74feb20 (12 bytes)
1782571948.449913 sending message 112 to peer 0x616bd74feb20 (12 bytes)
1782571948.449916 sending message 112 to peer 0x616bd74feb20 (12 bytes)
1782571948.449920 sending message 112 to peer 0x616bd74feb20 (13 bytes)
1782571948.449923 sending message 112 to peer 0x616bd74feb20 (13 bytes)
1782571948.449927 sending message 112 to peer 0x616bd74feb20 (13 bytes)
1782571948.449930 sending message 112 to peer 0x616bd74feb20 (8 bytes)
1782571948.449934 sending message 112 to peer 0x616bd74feb20 (13 bytes)
1782571948.449938 sending message 112 to peer 0x616bd74feb20 (13 bytes)
1782571948.449941 sending message 112 to peer 0x616bd74feb20 (13 bytes)
1782571948.449945 sending message 112 to peer 0x616bd74feb20 (13 bytes)
1782571948.449948 sending message 112 to peer 0x616bd74feb20 (13 bytes)
1782571948.449952 sending message 112 to peer 0x616bd74feb20 (12 bytes)
1782571948.449955 sending message 112 to peer 0x616bd74feb20 (12 bytes)
1782571948.449959 sending message 112 to peer 0x616bd74feb20 (12 bytes)
1782571948.449962 sending message 112 to peer 0x616bd74feb20 (12 bytes)
1782571948.449966 sending message 112 to peer 0x616bd74feb20 (13 bytes)
1782571948.449969 sending message 112 to peer 0x616bd74feb20 (8 bytes)
1782571948.449973 sending message 112 to peer 0x616bd74feb20 (13 bytes)
1782571948.449976 sending message 112 to peer 0x616bd74feb20 (13 bytes)
1782571948.449979 sending message 112 to peer 0x616bd74feb20 (13 bytes)
1782571948.449983 sending message 112 to peer 0x616bd74feb20 (13 bytes)
1782571948.449987 sending message 112 to peer 0x616bd74feb20 (13 bytes)
1782571948.449990 sending message 112 to peer 0x616bd74feb20 (13 bytes)
1782571948.449994 sending message 112 to peer 0x616bd74feb20 (13 bytes)
1782571948.449998 sending message 112 to peer 0x616bd74feb20 (12 bytes)
1782571948.450001 sending message 112 to peer 0x616bd74feb20 (12 bytes)
1782571948.450005 sending message 112 to peer 0x616bd74feb20 (12 bytes)
1782571948.450008 sending message 112 to peer 0x616bd74feb20 (8 bytes)
1782571948.450016 sending message 112 to peer 0x616bd74feb20 (12 bytes)
1782571948.450020 sending message 112 to peer 0x616bd74feb20 (13 bytes)
1782571948.450024 sending message 112 to peer 0x616bd74feb20 (13 bytes)
1782571948.450028 sending message 112 to peer 0x616bd74feb20 (13 bytes)
1782571948.450031 sending message 112 to peer 0x616bd74feb20 (13 bytes)
1782571948.450035 sending message 112 to peer 0x616bd74feb20 (13 bytes)
1782571948.450039 sending message 112 to peer 0x616bd74feb20 (13 bytes)
1782571948.450042 sending message 112 to peer 0x616bd74feb20 (13 bytes)
1782571948.450046 sending message 112 to peer 0x616bd74feb20 (13 bytes)
1782571948.450050 sending message 112 to peer 0x616bd74feb20 (12 bytes)
1782571948.450053 sending message 112 to peer 0x616bd74feb20 (10 bytes)
1782571948.450057 sending message 112 to peer 0x616bd74feb20 (12 bytes)
1782571948.450061 sending message 112 to peer 0x616bd74feb20 (12 bytes)
1782571948.450064 sending message 112 to peer 0x616bd74feb20 (12 bytes)
1782571948.450068 sending message 112 to peer 0x616bd74feb20 (13 bytes)
1782571948.450071 sending message 112 to peer 0x616bd74feb20 (13 bytes)
1782571948.450075 sending message 112 to peer 0x616bd74feb20 (13 bytes)
1782571948.450079 sending message 112 to peer 0x616bd74feb20 (13 bytes)
1782571948.450082 sending message 112 to peer 0x616bd74feb20 (13 bytes)
1782571948.450086 sending message 112 to peer 0x616bd74feb20 (13 bytes)
1782571948.450090 sending message 112 to peer 0x616bd74feb20 (13 bytes)
1782571948.450093 sending message 112 to peer 0x616bd74feb20 (10 bytes)
1782571948.450097 sending message 112 to peer 0x616bd74feb20 (13 bytes)
1782571948.450100 sending message 112 to peer 0x616bd74feb20 (12 bytes)
1782571948.450104 sending message 112 to peer 0x616bd74feb20 (12 bytes)
1782571948.450107 sending message 112 to peer 0x616bd74feb20 (12 bytes)
1782571948.450111 sending message 112 to peer 0x616bd74feb20 (10 bytes)
1782571948.450114 sending message 112 to peer 0x616bd74feb20 (10 bytes)
1782571948.450117 sending message 112 to peer 0x616bd74feb20 (10 bytes)
1782571948.450121 sending message 112 to peer 0x616bd74feb20 (12 bytes)
1782571948.450125 sending message 112 to peer 0x616bd74feb20 (13 bytes)
1782571948.450128 sending message 112 to peer 0x616bd74feb20 (13 bytes)
1782571948.450131 sending message 112 to peer 0x616bd74feb20 (13 bytes)
1782571948.450135 sending message 112 to peer 0x616bd74feb20 (13 bytes)
1782571948.450138 sending message 112 to peer 0x616bd74feb20 (13 bytes)
1782571948.450141 sending message 112 to peer 0x616bd74feb20 (11 bytes)
1782571948.450145 sending message 112 to peer 0x616bd74feb20 (11 bytes)
1782571948.450148 sending message 112 to peer 0x616bd74feb20 (12 bytes)
1782571948.450151 sending message 112 to peer 0x616bd74feb20 (12 bytes)
1782571948.450155 sending message 112 to peer 0x616bd74feb20 (12 bytes)
1782571948.450158 sending message 112 to peer 0x616bd74feb20 (12 bytes)
1782571948.450162 sending message 112 to peer 0x616bd74feb20 (12 bytes)
1782571948.450165 sending message 112 to peer 0x616bd74feb20 (11 bytes)
1782571948.450168 sending message 112 to peer 0x616bd74feb20 (12 bytes)
1782571948.450172 sending message 112 to peer 0x616bd74feb20 (12 bytes)
1782571948.450175 sending message 112 to peer 0x616bd74feb20 (13 bytes)
1782571948.450178 sending message 112 to peer 0x616bd74feb20 (13 bytes)
1782571948.450182 sending message 112 to peer 0x616bd74feb20 (13 bytes)
1782571948.450185 sending message 112 to peer 0x616bd74feb20 (13 bytes)
1782571948.450194 sending message 112 to peer 0x616bd74feb20 (13 bytes)
1782571948.450200 sending message 112 to peer 0x616bd74feb20 (10 bytes)
1782571948.450204 sending message 112 to peer 0x616bd74feb20 (9 bytes)
1782571948.450208 sending message 112 to peer 0x616bd74feb20 (12 bytes)
1782571948.450211 sending message 112 to peer 0x616bd74feb20 (13 bytes)
1782571948.450214 sending message 112 to peer 0x616bd74feb20 (13 bytes)
1782571948.450218 sending message 112 to peer 0x616bd74feb20 (13 bytes)
1782571948.450221 sending message 112 to peer 0x616bd74feb20 (13 bytes)
1782571948.450230 sending message 112 to peer 0x616bd74feb20 (13 bytes)
1782571948.450233 sending message 112 to peer 0x616bd74feb20 (9 bytes)
1782571948.450237 sending message 112 to peer 0x616bd74feb20 (12 bytes)
1782571948.450241 sending message 112 to peer 0x616bd74feb20 (13 bytes)
1782571948.450244 sending message 112 to peer 0x616bd74feb20 (13 bytes)
1782571948.450248 sending message 112 to peer 0x616bd74feb20 (13 bytes)
1782571948.450251 sending message 112 to peer 0x616bd74feb20 (13 bytes)
1782571948.450255 sending message 112 to peer 0x616bd74feb20 (13 bytes)
1782571948.450258 sending message 112 to peer 0x616bd74feb20 (11 bytes)
1782571948.450261 sending message 112 to peer 0x616bd74feb20 (12 bytes)
1782571948.450265 sending message 112 to peer 0x616bd74feb20 (13 bytes)
1782571948.450268 sending message 112 to peer 0x616bd74feb20 (13 bytes)
1782571948.450271 sending message 112 to peer 0x616bd74feb20 (13 bytes)
1782571948.450275 sending message 112 to peer 0x616bd74feb20 (13 bytes)
1782571948.450278 sending message 112 to peer 0x616bd74feb20 (13 bytes)
1782571948.450281 sending message 112 to peer 0x616bd74feb20 (11 bytes)
1782571948.450285 sending message 112 to peer 0x616bd74feb20 (12 bytes)
1782571948.450288 sending message 112 to peer 0x616bd74feb20 (12 bytes)
1782571948.450292 sending message 112 to peer 0x616bd74feb20 (12 bytes)
1782571948.450296 sending message 112 to peer 0x616bd74feb20 (12 bytes)
1782571948.450299 sending message 112 to peer 0x616bd74feb20 (12 bytes)
1782571948.450303 sending message 112 to peer 0x616bd74feb20 (21 bytes)
1782571948.450306 sending message 112 to peer 0x616bd74feb20 (12 bytes)
1782571948.450310 sending message 112 to peer 0x616bd74feb20 (9 bytes)
1782571948.450313 sending message 112 to peer 0x616bd74feb20 (6 bytes)
1782571948.450317 sending message 112 to peer 0x616bd74feb20 (13 bytes)
1782571948.450320 sending message 112 to peer 0x616bd74feb20 (8 bytes)
1782571948.450324 sending message 112 to peer 0x616bd74feb20 (15 bytes)
1782571948.450328 sending message 112 to peer 0x616bd74feb20 (13 bytes)
1782571948.450331 sending message 112 to peer 0x616bd74feb20 (9 bytes)
1782571948.450335 sending message 112 to peer 0x616bd74feb20 (70 bytes)
1782571948.450338 sending message 112 to peer 0x616bd74feb20 (69 bytes)
1782571948.450342 sending message 112 to peer 0x616bd74feb20 (10 bytes)
1782571948.450346 sending message 112 to peer 0x616bd74feb20 (10 bytes)
1782571948.450349 sending message 112 to peer 0x616bd74feb20 (8 bytes)
1782571948.450353 sending message 112 to peer 0x616bd74feb20 (15 bytes)
1782571948.450357 sending message 112 to peer 0x616bd74feb20 (13 bytes)
1782571948.450360 sending message 112 to peer 0x616bd74feb20 (10 bytes)
1782571948.450364 sending message 112 to peer 0x616bd74feb20 (10 bytes)
1782571948.450368 sending message 112 to peer 0x616bd74feb20 (17 bytes)
1782571948.450371 sending message 112 to peer 0x616bd74feb20 (10 bytes)
1782571948.450375 sending message 112 to peer 0x616bd74feb20 (13 bytes)
1782571948.450379 sending message 112 to peer 0x616bd74feb20 (9 bytes)
1782571948.450383 sending message 112 to peer 0x616bd74feb20 (5 bytes)
1782571948.450386 sending message 112 to peer 0x616bd74feb20 (15 bytes)
1782571948.450392 sending message 104 to peer 0x616bd74feb20 (0 bytes)
1782571948.450396 sending message 110 to peer 0x616bd74feb20 (0 bytes)
1782571948.450400 sending message 107 to peer 0x616bd74feb20 (4 bytes)
1782571948.450404 sending message 105 to peer 0x616bd74feb20 (20 bytes)
1782571948.450407 sending message 105 to peer 0x616bd74feb20 (20 bytes)
1782571948.450411 sending message 105 to peer 0x616bd74feb20 (54 bytes)
1782571948.450414 sending message 105 to peer 0x616bd74feb20 (52 bytes)
1782571948.450417 sending message 105 to peer 0x616bd74feb20 (11 bytes)
1782571948.450421 sending message 105 to peer 0x616bd74feb20 (12 bytes)
1782571948.450425 sending message 105 to peer 0x616bd74feb20 (27 bytes)
1782571948.450428 sending message 105 to peer 0x616bd74feb20 (24 bytes)
1782571948.450432 sending message 105 to peer 0x616bd74feb20 (17 bytes)
1782571948.450440 sending message 105 to peer 0x616bd74feb20 (23 bytes)
1782571948.450443 sending message 105 to peer 0x616bd74feb20 (27 bytes)
1782571948.450447 sending message 105 to peer 0x616bd74feb20 (25 bytes)
1782571948.450451 sending message 105 to peer 0x616bd74feb20 (25 bytes)
1782571948.450454 sending message 105 to peer 0x616bd74feb20 (16 bytes)
1782571948.450458 sending message 105 to peer 0x616bd74feb20 (167 bytes)
1782571948.450462 sending message 105 to peer 0x616bd74feb20 (36 bytes)
1782571948.450465 sending message 105 to peer 0x616bd74feb20 (14 bytes)
1782571948.450469 sending message 105 to peer 0x616bd74feb20 (954 bytes)
1782571948.450473 sending message 105 to peer 0x616bd74feb20 (16 bytes)
1782571948.450476 sending message 105 to peer 0x616bd74feb20 (575 bytes)
1782571948.450480 sending message 105 to peer 0x616bd74feb20 (47 bytes)
1782571948.450484 sending message 105 to peer 0x616bd74feb20 (22 bytes)
1782571948.450487 sending message 105 to peer 0x616bd74feb20 (90 bytes)
1782571948.450491 sending message 105 to peer 0x616bd74feb20 (37 bytes)
1782571948.450494 sending message 105 to peer 0x616bd74feb20 (15 bytes)
1782571948.450498 sending message 105 to peer 0x616bd74feb20 (60 bytes)
1782571948.450501 sending message 105 to peer 0x616bd74feb20 (18 bytes)
1782571948.450505 sending message 105 to peer 0x616bd74feb20 (17 bytes)
1782571948.450509 sending message 105 to peer 0x616bd74feb20 (84 bytes)
1782571948.450513 sending message 105 to peer 0x616bd74feb20 (8 bytes)
1782571948.450516 sending message 105 to peer 0x616bd74feb20 (72 bytes)
1782571948.450520 sending message 105 to peer 0x616bd74feb20 (296 bytes)
1782571948.450523 sending message 105 to peer 0x616bd74feb20 (107 bytes)
1782571948.450527 sending message 105 to peer 0x616bd74feb20 (112 bytes)
1782571948.450530 sending message 105 to peer 0x616bd74feb20 (13 bytes)
1782571948.450533 sending message 105 to peer 0x616bd74feb20 (32 bytes)
1782571948.450537 sending message 105 to peer 0x616bd74feb20 (1917 bytes)
1782571948.450550 sending message 105 to peer 0x616bd74feb20 (16 bytes)
1782571948.450554 sending message 105 to peer 0x616bd74feb20 (20 bytes)
1782571948.450558 sending message 105 to peer 0x616bd74feb20 (65 bytes)
1782571948.450562 sending message 105 to peer 0x616bd74feb20 (14 bytes)
1782571948.450565 sending message 105 to peer 0x616bd74feb20 (125 bytes)
1782571948.450569 sending message 105 to peer 0x616bd74feb20 (51 bytes)
1782571948.450573 sending message 105 to peer 0x616bd74feb20 (117 bytes)
1782571948.450576 sending message 105 to peer 0x616bd74feb20 (52 bytes)
1782571948.450580 sending message 105 to peer 0x616bd74feb20 (43 bytes)
1782571948.450584 sending message 105 to peer 0x616bd74feb20 (53 bytes)
1782571948.450587 sending message 105 to peer 0x616bd74feb20 (60 bytes)
1782571948.450591 sending message 105 to peer 0x616bd74feb20 (76 bytes)
1782571948.450594 sending message 105 to peer 0x616bd74feb20 (232 bytes)
1782571948.450598 sending message 105 to peer 0x616bd74feb20 (57 bytes)
1782571948.450601 sending message 105 to peer 0x616bd74feb20 (83 bytes)
1782571948.450605 sending message 105 to peer 0x616bd74feb20 (15 bytes)
1782571948.450608 sending message 105 to peer 0x616bd74feb20 (31 bytes)
1782571948.450611 sending message 105 to peer 0x616bd74feb20 (11 bytes)
1782571948.450615 sending message 105 to peer 0x616bd74feb20 (490 bytes)
1782571948.450618 sending message 105 to peer 0x616bd74feb20 (28 bytes)
1782571948.450622 sending message 105 to peer 0x616bd74feb20 (711 bytes)
1782571948.450626 sending message 105 to peer 0x616bd74feb20 (408 bytes)
1782571948.450630 sending message 105 to peer 0x616bd74feb20 (773 bytes)
1782571948.450634 sending message 105 to peer 0x616bd74feb20 (27 bytes)
1782571948.450637 sending message 105 to peer 0x616bd74feb20 (68 bytes)
1782571948.450641 sending message 105 to peer 0x616bd74feb20 (8 bytes)
1782571948.450645 sending message 105 to peer 0x616bd74feb20 (104 bytes)
1782571948.450648 sending message 105 to peer 0x616bd74feb20 (37 bytes)
1782571948.450652 sending message 105 to peer 0x616bd74feb20 (49 bytes)
1782571948.450664 sending message 105 to peer 0x616bd74feb20 (38 bytes)
1782571948.450667 sending message 105 to peer 0x616bd74feb20 (19 bytes)
1782571948.450671 sending message 105 to peer 0x616bd74feb20 (22 bytes)
1782571948.450675 sending message 105 to peer 0x616bd74feb20 (35 bytes)
1782571948.450678 sending message 105 to peer 0x616bd74feb20 (19 bytes)
1782571948.450681 sending message 105 to peer 0x616bd74feb20 (15 bytes)
1782571948.450685 sending message 105 to peer 0x616bd74feb20 (85 bytes)
1782571948.450688 sending message 105 to peer 0x616bd74feb20 (353 bytes)
1782571948.450692 sending message 105 to peer 0x616bd74feb20 (18 bytes)
1782571948.450695 sending message 105 to peer 0x616bd74feb20 (26 bytes)
1782571948.450699 sending message 105 to peer 0x616bd74feb20 (45 bytes)
1782571948.450702 sending message 105 to peer 0x616bd74feb20 (13 bytes)
1782571948.450706 sending message 105 to peer 0x616bd74feb20 (27 bytes)
1782571948.450709 sending message 105 to peer 0x616bd74feb20 (78 bytes)
1782571948.450713 sending message 105 to peer 0x616bd74feb20 (10 bytes)
1782571948.450716 sending message 105 to peer 0x616bd74feb20 (12 bytes)
1782571948.450720 sending message 105 to peer 0x616bd74feb20 (26 bytes)
1782571948.450723 sending message 105 to peer 0x616bd74feb20 (743 bytes)
1782571948.450727 sending message 105 to peer 0x616bd74feb20 (16 bytes)
1782571948.450730 sending message 105 to peer 0x616bd74feb20 (22 bytes)
1782571948.450734 sending message 105 to peer 0x616bd74feb20 (370 bytes)
1782571948.450737 sending message 105 to peer 0x616bd74feb20 (25 bytes)
1782571948.450741 sending message 105 to peer 0x616bd74feb20 (340 bytes)
1782571948.450744 sending message 105 to peer 0x616bd74feb20 (31 bytes)
1782571948.450748 sending message 105 to peer 0x616bd74feb20 (15 bytes)
1782571948.450752 sending message 105 to peer 0x616bd74feb20 (17 bytes)
1782571948.450755 sending message 105 to peer 0x616bd74feb20 (25 bytes)
1782571948.450759 sending message 105 to peer 0x616bd74feb20 (11 bytes)
1782571948.450762 sending message 105 to peer 0x616bd74feb20 (35 bytes)
1782571948.450766 sending message 105 to peer 0x616bd74feb20 (21 bytes)
1782571948.450769 sending message 105 to peer 0x616bd74feb20 (25 bytes)
1782571948.450772 sending message 105 to peer 0x616bd74feb20 (29 bytes)
1782571948.450776 sending message 105 to peer 0x616bd74feb20 (31 bytes)
1782571948.450780 sending message 106 to peer 0x616bd74feb20 (0 bytes)
1782571948.450832 sending message 200 to peer 0x616bd74feb20 (4 bytes)
1782571948.450838 client loop enter
1782571948.451087 peer 0x616bd74feb20 message 303
1782571948.451093 open write file 2 -
1782571948.451101 sending message 305 to peer 0x616bd74feb20 (8 bytes)
1782571948.451108 write check file 2
1782571948.451145 peer 0x616bd74feb20 message 304
1782571948.451150 write 58 to file 2
1782571948.451166 peer 0x616bd74feb20 message 203
1782571948.451172 file 2 58 bytes left
1782571948.451183 write check file 2
1782571948.451186 client loop exit
